{"numTotalTestSuites":63,"numPassedTestSuites":54,"numFailedTestSuites":9,"numPendingTestSuites":0,"numTotalTests":129,"numPassedTests":125,"numFailedTests":0,"numPendingTests":4,"numTodoTests":0,"snapshot":{"added":0,"failure":false,"filesAdded":0,"filesRemoved":0,"filesRemovedList":[],"filesUnmatched":0,"filesUpdated":0,"matched":0,"total":0,"unchecked":0,"uncheckedKeysByFile":[],"unmatched":0,"updated":0,"didUpdate":false},"startTime":1761290352386,"success":false,"testResults":[{"assertionResults":[{"ancestorTitles":["getReservedComputeUnits","mainnet"],"fullName":"getReservedComputeUnits mainnet returns default compute units before builtin feature activation","status":"passed","title":"returns default compute units before builtin feature activation","duration":0.7385419607162476,"failureMessages":[],"meta":{}},{"ancestorTitles":["getReservedComputeUnits","mainnet"],"fullName":"getReservedComputeUnits mainnet returns minimal compute units for builtins after feature activation","status":"passed","title":"returns minimal compute units for builtins after feature activation","duration":0.27445805072784424,"failureMessages":[],"meta":{}},{"ancestorTitles":["getReservedComputeUnits","mainnet"],"fullName":"getReservedComputeUnits mainnet returns default compute units for non-builtins after feature activation","status":"passed","title":"returns default compute units for non-builtins after feature activation","duration":0.12287509441375732,"failureMessages":[],"meta":{}},{"ancestorTitles":["getReservedComputeUnits","mainnet"],"fullName":"getReservedComputeUnits mainnet handles feature gate program migration correctly","status":"passed","title":"handles feature gate program migration correctly","duration":0.16391611099243164,"failureMessages":[],"meta":{}},{"ancestorTitles":["getReservedComputeUnits","devnet"],"fullName":"getReservedComputeUnits devnet returns correct compute units based on devnet activation epochs","status":"passed","title":"returns correct compute units based on devnet activation epochs","duration":0.07854199409484863,"failureMessages":[],"meta":{}},{"ancestorTitles":["getReservedComputeUnits","testnet"],"fullName":"getReservedComputeUnits testnet returns correct compute units based on testnet activation epochs","status":"passed","title":"returns correct compute units based on testnet activation epochs","duration":0.06400001049041748,"failureMessages":[],"meta":{}},{"ancestorTitles":["getReservedComputeUnits","custom cluster"],"fullName":"getReservedComputeUnits custom cluster always uses most recent configuration","status":"passed","title":"always uses most recent configuration","duration":0.05870795249938965,"failureMessages":[],"meta":{}},{"ancestorTitles":["getReservedComputeUnits","edge cases"],"fullName":"getReservedComputeUnits edge cases handles undefined epoch","status":"passed","title":"handles undefined epoch","duration":0.1170419454574585,"failureMessages":[],"meta":{}},{"ancestorTitles":["getReservedComputeUnits","edge cases"],"fullName":"getReservedComputeUnits edge cases handles negative epoch","status":"passed","title":"handles negative epoch","duration":0.04887509346008301,"failureMessages":[],"meta":{}},{"ancestorTitles":["estimateRequestedComputeUnits","with explicit compute budget"],"fullName":"estimateRequestedComputeUnits with explicit compute budget returns compute units from SetComputeUnitLimit instruction","status":"passed","title":"returns compute units from SetComputeUnitLimit instruction","duration":1.2009590864181519,"failureMessages":[],"meta":{}},{"ancestorTitles":["estimateRequestedComputeUnits","with explicit compute budget"],"fullName":"estimateRequestedComputeUnits with explicit compute budget returns compute units from deprecated RequestUnits instruction","status":"passed","title":"returns compute units from deprecated RequestUnits instruction","duration":0.4763749837875366,"failureMessages":[],"meta":{}},{"ancestorTitles":["estimateRequestedComputeUnits","with explicit compute budget"],"fullName":"estimateRequestedComputeUnits with explicit compute budget prioritizes first compute budget instruction found","status":"passed","title":"prioritizes first compute budget instruction found","duration":0.4070420265197754,"failureMessages":[],"meta":{}},{"ancestorTitles":["estimateRequestedComputeUnits","without explicit compute budget"],"fullName":"estimateRequestedComputeUnits without explicit compute budget returns default for non-builtin programs","status":"passed","title":"returns default for non-builtin programs","duration":0.1767500638961792,"failureMessages":[],"meta":{}},{"ancestorTitles":["estimateRequestedComputeUnits","without explicit compute budget"],"fullName":"estimateRequestedComputeUnits without explicit compute budget returns minimal units for builtin programs after activation","status":"passed","title":"returns minimal units for builtin programs after activation","duration":0.26225006580352783,"failureMessages":[],"meta":{}},{"ancestorTitles":["estimateRequestedComputeUnits","without explicit compute budget"],"fullName":"estimateRequestedComputeUnits without explicit compute budget returns sum of reserved units for mixed instructions","status":"passed","title":"returns sum of reserved units for mixed instructions","duration":0.259208083152771,"failureMessages":[],"meta":{}},{"ancestorTitles":["estimateRequestedComputeUnits","without explicit compute budget"],"fullName":"estimateRequestedComputeUnits without explicit compute budget handles feature gate program correctly across epochs","status":"passed","title":"handles feature gate program correctly across epochs","duration":0.2899169921875,"failureMessages":[],"meta":{}},{"ancestorTitles":["estimateRequestedComputeUnits","edge cases"],"fullName":"estimateRequestedComputeUnits edge cases handles empty instruction data","status":"passed","title":"handles empty instruction data","duration":0.4792499542236328,"failureMessages":[],"meta":{}},{"ancestorTitles":["estimateRequestedComputeUnits","edge cases"],"fullName":"estimateRequestedComputeUnits edge cases handles invalid compute budget instruction data","status":"passed","title":"handles invalid compute budget instruction data","duration":0.5637079477310181,"failureMessages":[],"meta":{}},{"ancestorTitles":["estimateRequestedComputeUnits","edge cases"],"fullName":"estimateRequestedComputeUnits edge cases handles transactions with no instructions","status":"passed","title":"handles transactions with no instructions","duration":0.04087495803833008,"failureMessages":[],"meta":{}},{"ancestorTitles":["estimateRequestedComputeUnits","edge cases"],"fullName":"estimateRequestedComputeUnits edge cases respects the 1.4M compute unit cap","status":"passed","title":"respects the 1.4M compute unit cap","duration":1.2165000438690186,"failureMessages":[],"meta":{}},{"ancestorTitles":["estimateRequestedComputeUnits","edge cases"],"fullName":"estimateRequestedComputeUnits edge cases handles compute budget with other instructions","status":"passed","title":"handles compute budget with other instructions","duration":0.4459589719772339,"failureMessages":[],"meta":{}}],"startTime":1761290353722,"endTime":1761290353730.446,"status":"passed","message":"","name":"/Users/dzmitrypatseyuk/my/hoodieshq-explorer/app/utils/__tests__/compute-units-schedule.test.ts"},{"assertionResults":[{"ancestorTitles":["IDL::convertType"],"fullName":"IDL::convertType parses type.option.tuple","status":"passed","title":"parses type.option.tuple","duration":0.8257920742034912,"failureMessages":[],"meta":{}},{"ancestorTitles":["IDL::convertType"],"fullName":"IDL::convertType parses type.vec.tuple","status":"passed","title":"parses type.vec.tuple","duration":0.3057500123977661,"failureMessages":[],"meta":{}}],"startTime":1761290355040,"endTime":1761290355041.3057,"status":"passed","message":"","name":"/Users/dzmitrypatseyuk/my/hoodieshq-explorer/app/utils/__tests__/convertLegacyIdl.test.ts"},{"assertionResults":[{"ancestorTitles":["getEpoch"],"fullName":"getEpoch returns the correct epoch for a slot after `firstNormalSlot`","status":"passed","title":"returns the correct epoch for a slot after `firstNormalSlot`","duration":1.0343750715255737,"failureMessages":[],"meta":{}},{"ancestorTitles":["getEpoch"],"fullName":"getEpoch returns the correct epoch for a slot before `firstNormalSlot`","status":"passed","title":"returns the correct epoch for a slot before `firstNormalSlot`","duration":0.1400829553604126,"failureMessages":[],"meta":{}},{"ancestorTitles":["getFirstSlotInEpoch"],"fullName":"getFirstSlotInEpoch returns the first slot for an epoch after `firstNormalEpoch`","status":"passed","title":"returns the first slot for an epoch after `firstNormalEpoch`","duration":0.19495809078216553,"failureMessages":[],"meta":{}},{"ancestorTitles":["getFirstSlotInEpoch"],"fullName":"getFirstSlotInEpoch returns the first slot for an epoch before `firstNormalEpoch`","status":"passed","title":"returns the first slot for an epoch before `firstNormalEpoch`","duration":0.09458303451538086,"failureMessages":[],"meta":{}},{"ancestorTitles":["getLastSlotInEpoch"],"fullName":"getLastSlotInEpoch returns the last slot for an epoch after `firstNormalEpoch`","status":"passed","title":"returns the last slot for an epoch after `firstNormalEpoch`","duration":0.1713329553604126,"failureMessages":[],"meta":{}},{"ancestorTitles":["getLastSlotInEpoch"],"fullName":"getLastSlotInEpoch returns the first slot for an epoch before `firstNormalEpoch`","status":"passed","title":"returns the first slot for an epoch before `firstNormalEpoch`","duration":0.08983290195465088,"failureMessages":[],"meta":{}},{"ancestorTitles":["getMaxComputeUnitsForEpoch"],"fullName":"getMaxComputeUnitsForEpoch returns the correct max compute units for an epoch on mainnet","status":"passed","title":"returns the correct max compute units for an epoch on mainnet","duration":0.41479194164276123,"failureMessages":[],"meta":{}},{"ancestorTitles":["getMaxComputeUnitsForEpoch"],"fullName":"getMaxComputeUnitsForEpoch returns the correct max compute units for an epoch on devnet","status":"passed","title":"returns the correct max compute units for an epoch on devnet","duration":0.2437499761581421,"failureMessages":[],"meta":{}},{"ancestorTitles":["getMaxComputeUnitsForEpoch"],"fullName":"getMaxComputeUnitsForEpoch returns the correct max compute units for an epoch on testnet","status":"passed","title":"returns the correct max compute units for an epoch on testnet","duration":0.15008306503295898,"failureMessages":[],"meta":{}},{"ancestorTitles":["getMaxComputeUnitsForEpoch"],"fullName":"getMaxComputeUnitsForEpoch returns the correct max compute units for an epoch on custom","status":"passed","title":"returns the correct max compute units for an epoch on custom","duration":0.3244999647140503,"failureMessages":[],"meta":{}}],"startTime":1761290353326,"endTime":1761290353329.4148,"status":"passed","message":"","name":"/Users/dzmitrypatseyuk/my/hoodieshq-explorer/app/utils/__tests__/epoch-schedule.test.ts"},{"assertionResults":[],"startTime":1761290352386,"endTime":1761290352386,"status":"failed","message":"require() of ES Module /Users/dzmitrypatseyuk/my/hoodieshq-explorer/node_modules/.pnpm/chalk@5.3.0/node_modules/chalk/source/index.js from /Users/dzmitrypatseyuk/my/hoodieshq-explorer/node_modules/.pnpm/inquirer@8.2.5/node_modules/inquirer/lib/objects/separator.js not supported.\nInstead change the require of index.js in /Users/dzmitrypatseyuk/my/hoodieshq-explorer/node_modules/.pnpm/inquirer@8.2.5/node_modules/inquirer/lib/objects/separator.js to a dynamic import() which is available in all CommonJS modules.","name":"/Users/dzmitrypatseyuk/my/hoodieshq-explorer/app/utils/__tests__/get-scaled-ui-multiplier.test.ts"},{"assertionResults":[{"ancestorTitles":["lamportsToSol"],"fullName":"lamportsToSol 0 lamports","status":"passed","title":"0 lamports","duration":0.6551669836044312,"failureMessages":[],"meta":{}},{"ancestorTitles":["lamportsToSol"],"fullName":"lamportsToSol 1 lamport","status":"passed","title":"1 lamport","duration":0.19395899772644043,"failureMessages":[],"meta":{}},{"ancestorTitles":["lamportsToSol"],"fullName":"lamportsToSol 1 SOL","status":"passed","title":"1 SOL","duration":0.175834059715271,"failureMessages":[],"meta":{}},{"ancestorTitles":["lamportsToSol"],"fullName":"lamportsToSol u64::MAX lamports","status":"passed","title":"u64::MAX lamports","duration":0.13020801544189453,"failureMessages":[],"meta":{}}],"startTime":1761290355386,"endTime":1761290355387.1301,"status":"passed","message":"","name":"/Users/dzmitrypatseyuk/my/hoodieshq-explorer/app/utils/__tests__/lamportsToSol.test.ts"},{"assertionResults":[{"ancestorTitles":["percentage"],"fullName":"percentage returns a number with the right decimals","status":"passed","title":"returns a number with the right decimals","duration":0.8317090272903442,"failureMessages":[],"meta":{}}],"startTime":1761290355495,"endTime":1761290355495.8318,"status":"passed","message":"","name":"/Users/dzmitrypatseyuk/my/hoodieshq-explorer/app/utils/__tests__/math.test.ts"},{"assertionResults":[{"ancestorTitles":["parseFeatureAccount"],"fullName":"parseFeatureAccount parses an activated feature","status":"passed","title":"parses an activated feature","duration":1.3889580965042114,"failureMessages":[],"meta":{}},{"ancestorTitles":["parseFeatureAccount"],"fullName":"parseFeatureAccount parses a feature that is scheduled for activation","status":"passed","title":"parses a feature that is scheduled for activation","duration":0.21600008010864258,"failureMessages":[],"meta":{}}],"startTime":1761290355264,"endTime":1761290355265.389,"status":"passed","message":"","name":"/Users/dzmitrypatseyuk/my/hoodieshq-explorer/app/utils/__tests__/parseFeatureAccount.test.ts"},{"assertionResults":[{"ancestorTitles":[],"fullName":"detects visibility","status":"passed","title":"detects visibility","duration":12.343459010124207,"failureMessages":[],"meta":{}}],"startTime":1761290355469,"endTime":1761290355481.3435,"status":"passed","message":"","name":"/Users/dzmitrypatseyuk/my/hoodieshq-explorer/app/utils/__tests__/use-tab-visibility.test.tsx"},{"assertionResults":[],"startTime":1761290352386,"endTime":1761290352386,"status":"failed","message":"require() of ES Module /Users/dzmitrypatseyuk/my/hoodieshq-explorer/node_modules/.pnpm/chalk@5.3.0/node_modules/chalk/source/index.js from /Users/dzmitrypatseyuk/my/hoodieshq-explorer/node_modules/.pnpm/inquirer@8.2.5/node_modules/inquirer/lib/objects/separator.js not supported.\nInstead change the require of index.js in /Users/dzmitrypatseyuk/my/hoodieshq-explorer/node_modules/.pnpm/inquirer@8.2.5/node_modules/inquirer/lib/objects/separator.js to a dynamic import() which is available in all CommonJS modules.","name":"/Users/dzmitrypatseyuk/my/hoodieshq-explorer/app/components/inspector/__tests__/AssociatedTokenDetailsCard.spec.tsx"},{"assertionResults":[],"startTime":1761290352386,"endTime":1761290352386,"status":"failed","message":"[vitest] There was an error when mocking a module. If you are using \"vi.mock\" factory, make sure there are no top level variables inside, since this call is hoisted to top of the file. Read more: https://vitest.dev/api/vi.html#vi-mock","name":"/Users/dzmitrypatseyuk/my/hoodieshq-explorer/app/components/inspector/__tests__/InspectorPage-SystemProgram.spec.tsx"},{"assertionResults":[],"startTime":1761290352386,"endTime":1761290352386,"status":"failed","message":"require() of ES Module /Users/dzmitrypatseyuk/my/hoodieshq-explorer/node_modules/.pnpm/chalk@5.3.0/node_modules/chalk/source/index.js from /Users/dzmitrypatseyuk/my/hoodieshq-explorer/node_modules/.pnpm/inquirer@8.2.5/node_modules/inquirer/lib/objects/separator.js not supported.\nInstead change the require of index.js in /Users/dzmitrypatseyuk/my/hoodieshq-explorer/node_modules/.pnpm/inquirer@8.2.5/node_modules/inquirer/lib/objects/separator.js to a dynamic import() which is available in all CommonJS modules.","name":"/Users/dzmitrypatseyuk/my/hoodieshq-explorer/app/components/inspector/__tests__/InspectorPage.spec.tsx"},{"assertionResults":[{"ancestorTitles":[],"fullName":"stub","status":"passed","title":"stub","duration":1.502958059310913,"failureMessages":[],"meta":{}},{"ancestorTitles":[],"fullName":"stub","status":"passed","title":"stub","duration":0.07908296585083008,"failureMessages":[],"meta":{}},{"ancestorTitles":["intoParsedData"],"fullName":"intoParsedData should return \"create\" instruction data","status":"passed","title":"should return \"create\" instruction data","duration":6.599333047866821,"failureMessages":[],"meta":{}},{"ancestorTitles":["intoParsedData"],"fullName":"intoParsedData should return \"createIdempotent\" instruction data","status":"passed","title":"should return \"createIdempotent\" instruction data","duration":343.8634999990463,"failureMessages":[],"meta":{}},{"ancestorTitles":["intoParsedData"],"fullName":"intoParsedData should return \"recoverNested\" instruction data","status":"passed","title":"should return \"recoverNested\" instruction data","duration":1.6078330278396606,"failureMessages":[],"meta":{}}],"startTime":1761290354277,"endTime":1761290354630.608,"status":"passed","message":"","name":"/Users/dzmitrypatseyuk/my/hoodieshq-explorer/app/components/inspector/__tests__/into-parsed-data.spec.ts"},{"assertionResults":[],"startTime":1761290352386,"endTime":1761290352386,"status":"failed","message":"require() of ES Module /Users/dzmitrypatseyuk/my/hoodieshq-explorer/node_modules/.pnpm/chalk@5.3.0/node_modules/chalk/source/index.js from /Users/dzmitrypatseyuk/my/hoodieshq-explorer/node_modules/.pnpm/inquirer@8.2.5/node_modules/inquirer/lib/objects/separator.js not supported.\nInstead change the require of index.js in /Users/dzmitrypatseyuk/my/hoodieshq-explorer/node_modules/.pnpm/inquirer@8.2.5/node_modules/inquirer/lib/objects/separator.js to a dynamic import() which is available in all CommonJS modules.","name":"/Users/dzmitrypatseyuk/my/hoodieshq-explorer/app/components/common/__tests__/BaseInstructionCard.spec.tsx"},{"assertionResults":[{"ancestorTitles":["VerifiedProgramBadge (mocked useIsProgramVerified)"],"fullName":"VerifiedProgramBadge (mocked useIsProgramVerified) shows verified badge when isVerified is true","status":"passed","title":"shows verified badge when isVerified is true","duration":16.072457909584045,"failureMessages":[],"meta":{}},{"ancestorTitles":["VerifiedProgramBadge (mocked useIsProgramVerified)"],"fullName":"VerifiedProgramBadge (mocked useIsProgramVerified) shows not verified badge when isVerified is false","status":"passed","title":"shows not verified badge when isVerified is false","duration":2.1218329668045044,"failureMessages":[],"meta":{}},{"ancestorTitles":["VerifiedProgramBadge (mocked useIsProgramVerified)"],"fullName":"VerifiedProgramBadge (mocked useIsProgramVerified) shows error badge when error is true","status":"passed","title":"shows error badge when error is true","duration":1.7729589939117432,"failureMessages":[],"meta":{}},{"ancestorTitles":["VerifiedProgramBadge (mocked useIsProgramVerified)"],"fullName":"VerifiedProgramBadge (mocked useIsProgramVerified) shows loading badge when isLoading is true","status":"passed","title":"shows loading badge when isLoading is true","duration":14.704959034919739,"failureMessages":[],"meta":{}}],"startTime":1761290354940,"endTime":1761290354974.705,"status":"passed","message":"","name":"/Users/dzmitrypatseyuk/my/hoodieshq-explorer/app/components/common/__tests__/VerifiedProgramBadge.spec.tsx"},{"assertionResults":[],"startTime":1761290352386,"endTime":1761290352386,"status":"failed","message":"require() of ES Module /Users/dzmitrypatseyuk/my/hoodieshq-explorer/node_modules/.pnpm/chalk@5.3.0/node_modules/chalk/source/index.js from /Users/dzmitrypatseyuk/my/hoodieshq-explorer/node_modules/.pnpm/inquirer@8.2.5/node_modules/inquirer/lib/objects/separator.js not supported.\nInstead change the require of index.js in /Users/dzmitrypatseyuk/my/hoodieshq-explorer/node_modules/.pnpm/inquirer@8.2.5/node_modules/inquirer/lib/objects/separator.js to a dynamic import() which is available in all CommonJS modules.","name":"/Users/dzmitrypatseyuk/my/hoodieshq-explorer/app/components/account/__test__/TokenExtensionRow.spec.tsx"},{"assertionResults":[],"startTime":1761290352386,"endTime":1761290352386,"status":"failed","message":"require() of ES Module /Users/dzmitrypatseyuk/my/hoodieshq-explorer/node_modules/.pnpm/chalk@5.3.0/node_modules/chalk/source/index.js from /Users/dzmitrypatseyuk/my/hoodieshq-explorer/node_modules/.pnpm/inquirer@8.2.5/node_modules/inquirer/lib/objects/separator.js not supported.\nInstead change the require of index.js in /Users/dzmitrypatseyuk/my/hoodieshq-explorer/node_modules/.pnpm/inquirer@8.2.5/node_modules/inquirer/lib/objects/separator.js to a dynamic import() which is available in all CommonJS modules.","name":"/Users/dzmitrypatseyuk/my/hoodieshq-explorer/app/components/instruction/__tests__/AssociatedTokenDetailsCard.spec.tsx"},{"assertionResults":[],"startTime":1761290352386,"endTime":1761290352386,"status":"failed","message":"require() of ES Module /Users/dzmitrypatseyuk/my/hoodieshq-explorer/node_modules/.pnpm/chalk@5.3.0/node_modules/chalk/source/index.js from /Users/dzmitrypatseyuk/my/hoodieshq-explorer/node_modules/.pnpm/inquirer@8.2.5/node_modules/inquirer/lib/objects/separator.js not supported.\nInstead change the require of index.js in /Users/dzmitrypatseyuk/my/hoodieshq-explorer/node_modules/.pnpm/inquirer@8.2.5/node_modules/inquirer/lib/objects/separator.js to a dynamic import() which is available in all CommonJS modules.","name":"/Users/dzmitrypatseyuk/my/hoodieshq-explorer/app/components/instruction/__tests__/ComputeBudgetDetailsCard.spec.tsx"},{"assertionResults":[{"ancestorTitles":["fetchFeatureGateInformation"],"fullName":"fetchFeatureGateInformation should handle unexpected error while fetching, but react as there was no data","status":"passed","title":"should handle unexpected error while fetching, but react as there was no data","duration":1.3562920093536377,"failureMessages":[],"meta":{}},{"ancestorTitles":["fetchFeatureGateInformation"],"fullName":"fetchFeatureGateInformation should return feature info","status":"passed","title":"should return feature info","duration":0.7151660919189453,"failureMessages":[],"meta":{}}],"startTime":1761290355039,"endTime":1761290355040.715,"status":"passed","message":"","name":"/Users/dzmitrypatseyuk/my/hoodieshq-explorer/app/features/feature-gate/__tests__/feature-gate.spec.ts"},{"assertionResults":[{"ancestorTitles":["getProxiedUri"],"fullName":"getProxiedUri returns the original URI when proxy is not enabled","status":"passed","title":"returns the original URI when proxy is not enabled","duration":1.1144169569015503,"failureMessages":[],"meta":{}},{"ancestorTitles":["getProxiedUri"],"fullName":"getProxiedUri returns the original URI for non-http/https protocols","status":"passed","title":"returns the original URI for non-http/https protocols","duration":0.7028748989105225,"failureMessages":[],"meta":{}},{"ancestorTitles":["getProxiedUri"],"fullName":"getProxiedUri returns proxied URI when proxy is enabled and protocol is http","status":"passed","title":"returns proxied URI when proxy is enabled and protocol is http","duration":0.4757499694824219,"failureMessages":[],"meta":{}},{"ancestorTitles":["getProxiedUri"],"fullName":"getProxiedUri returns proxied URI when proxy is enabled and protocol is https","status":"passed","title":"returns proxied URI when proxy is enabled and protocol is https","duration":0.39354193210601807,"failureMessages":[],"meta":{}}],"startTime":1761290355023,"endTime":1761290355026.3936,"status":"passed","message":"","name":"/Users/dzmitrypatseyuk/my/hoodieshq-explorer/app/features/metadata/__tests__/utils.spec.ts"},{"assertionResults":[{"ancestorTitles":["Metadata Proxy Route"],"fullName":"Metadata Proxy Route should return status when disabled","status":"passed","title":"should return status when disabled","duration":3.763542056083679,"failureMessages":[],"meta":{}},{"ancestorTitles":["Metadata Proxy Route"],"fullName":"Metadata Proxy Route should return 400 for URIs with unsupported protocols","status":"passed","title":"should return 400 for URIs with unsupported protocols","duration":1.6102499961853027,"failureMessages":[],"meta":{}},{"ancestorTitles":["Metadata Proxy Route"],"fullName":"Metadata Proxy Route should return proper status upon processing data","status":"passed","title":"should return proper status upon processing data","duration":2.609125018119812,"failureMessages":[],"meta":{}},{"ancestorTitles":["Metadata Proxy Route"],"fullName":"Metadata Proxy Route should handle valid response successfully","status":"passed","title":"should handle valid response successfully","duration":2.189792037010193,"failureMessages":[],"meta":{}},{"ancestorTitles":["Metadata Proxy Route :: resource fetching"],"fullName":"Metadata Proxy Route :: resource fetching should handle response without Content-Length header","status":"passed","title":"should handle response without Content-Length header","duration":1.2595410346984863,"failureMessages":[],"meta":{}}],"startTime":1761290353477,"endTime":1761290353489.2595,"status":"passed","message":"","name":"/Users/dzmitrypatseyuk/my/hoodieshq-explorer/app/api/metadata/proxy/__tests__/endpoint.test.ts"},{"assertionResults":[{"ancestorTitles":["fetchResource"],"fullName":"fetchResource should be called with proper arguments","status":"passed","title":"should be called with proper arguments","duration":10.19541597366333,"failureMessages":[],"meta":{}},{"ancestorTitles":["fetchResource"],"fullName":"fetchResource should throw exception for unsupported media","status":"passed","title":"should throw exception for unsupported media","duration":2.746749997138977,"failureMessages":[],"meta":{}},{"ancestorTitles":["fetchResource"],"fullName":"fetchResource should throw exception upon exceeded size","status":"passed","title":"should throw exception upon exceeded size","duration":2.36758291721344,"failureMessages":[],"meta":{}},{"ancestorTitles":["fetchResource"],"fullName":"fetchResource should handle AbortSignal","status":"passed","title":"should handle AbortSignal","duration":0.5457500219345093,"failureMessages":[],"meta":{}},{"ancestorTitles":["fetchResource"],"fullName":"fetchResource should handle size overflow","status":"passed","title":"should handle size overflow","duration":0.256708025932312,"failureMessages":[],"meta":{}},{"ancestorTitles":["fetchResource"],"fullName":"fetchResource should handle unexpected result","status":"passed","title":"should handle unexpected result","duration":0.18533408641815186,"failureMessages":[],"meta":{}},{"ancestorTitles":["fetchResource"],"fullName":"fetchResource should handle malformed JSON response gracefully","status":"passed","title":"should handle malformed JSON response gracefully","duration":0.3202500343322754,"failureMessages":[],"meta":{}}],"startTime":1761290354192,"endTime":1761290354209.3203,"status":"passed","message":"","name":"/Users/dzmitrypatseyuk/my/hoodieshq-explorer/app/api/metadata/proxy/__tests__/fetch-resource.spec.ts"},{"assertionResults":[{"ancestorTitles":["ip::checkURLForPrivateIP"],"fullName":"ip::checkURLForPrivateIP should handle invalid URL gracefully","status":"passed","title":"should handle invalid URL gracefully","duration":2.0136669874191284,"failureMessages":[],"meta":{}},{"ancestorTitles":["ip::checkURLForPrivateIP"],"fullName":"ip::checkURLForPrivateIP should block unsupported protocols","status":"passed","title":"should block unsupported protocols","duration":0.5700420141220093,"failureMessages":[],"meta":{}},{"ancestorTitles":["ip::checkURLForPrivateIP"],"fullName":"ip::checkURLForPrivateIP should allow valid public URL","status":"passed","title":"should allow valid public URL","duration":0.790958046913147,"failureMessages":[],"meta":{}},{"ancestorTitles":["ip::checkURLForPrivateIP"],"fullName":"ip::checkURLForPrivateIP should allow valid public IPv6","status":"passed","title":"should allow valid public IPv6","duration":1.012624979019165,"failureMessages":[],"meta":{}},{"ancestorTitles":["ip::checkURLForPrivateIP"],"fullName":"ip::checkURLForPrivateIP should block private IPv4","status":"passed","title":"should block private IPv4","duration":0.34491705894470215,"failureMessages":[],"meta":{}},{"ancestorTitles":["ip::checkURLForPrivateIP"],"fullName":"ip::checkURLForPrivateIP should block decimal-encoded private IP","status":"passed","title":"should block decimal-encoded private IP","duration":0.26529204845428467,"failureMessages":[],"meta":{}},{"ancestorTitles":["ip::checkURLForPrivateIP"],"fullName":"ip::checkURLForPrivateIP should block hex-encoded private IP","status":"passed","title":"should block hex-encoded private IP","duration":0.27116596698760986,"failureMessages":[],"meta":{}},{"ancestorTitles":["ip::checkURLForPrivateIP"],"fullName":"ip::checkURLForPrivateIP should block cloud metadata IP","status":"passed","title":"should block cloud metadata IP","duration":0.3406250476837158,"failureMessages":[],"meta":{}},{"ancestorTitles":["ip::checkURLForPrivateIP"],"fullName":"ip::checkURLForPrivateIP should handle absent address negatively","status":"passed","title":"should handle absent address negatively","duration":0.39316701889038086,"failureMessages":[],"meta":{}},{"ancestorTitles":["ip::checkURLForPrivateIP"],"fullName":"ip::checkURLForPrivateIP should handle DNS resolution failure gracefully","status":"passed","title":"should handle DNS resolution failure gracefully","duration":0.42729198932647705,"failureMessages":[],"meta":{}},{"ancestorTitles":["ip::checkURLForPrivateIP with single resolved address"],"fullName":"ip::checkURLForPrivateIP with single resolved address should handle single address positively","status":"passed","title":"should handle single address positively","duration":0.2502920627593994,"failureMessages":[],"meta":{}},{"ancestorTitles":["ip::checkURLForPrivateIP with localhost"],"fullName":"ip::checkURLForPrivateIP with localhost should block localhost","status":"passed","title":"should block localhost","duration":0.13420796394348145,"failureMessages":[],"meta":{}}],"startTime":1761290354111,"endTime":1761290354118.4272,"status":"passed","message":"","name":"/Users/dzmitrypatseyuk/my/hoodieshq-explorer/app/api/metadata/proxy/__tests__/ip.spec.ts"},{"assertionResults":[{"ancestorTitles":["IdlCard"],"fullName":"IdlCard should render IdlCard with PMP IDL when programMetadataIdl exists","status":"skipped","title":"should render IdlCard with PMP IDL when programMetadataIdl exists","failureMessages":[],"meta":{}},{"ancestorTitles":["IdlCard"],"fullName":"IdlCard should render IdlCard with Anchor IDL when anchorIdl exists","status":"skipped","title":"should render IdlCard with Anchor IDL when anchorIdl exists","failureMessages":[],"meta":{}},{"ancestorTitles":["IdlCard"],"fullName":"IdlCard should render IdlCard tabs when both IDLs exist","status":"skipped","title":"should render IdlCard tabs when both IDLs exist","failureMessages":[],"meta":{}},{"ancestorTitles":["IdlCard"],"fullName":"IdlCard should not render IdlCard when both IDLs are null","status":"skipped","title":"should not render IdlCard when both IDLs are null","failureMessages":[],"meta":{}}],"startTime":1761290352386,"endTime":1761290352386,"status":"passed","message":"","name":"/Users/dzmitrypatseyuk/my/hoodieshq-explorer/app/components/account/idl/__tests__/IdlCard.spec.tsx"},{"assertionResults":[{"ancestorTitles":["Ed25519DetailsCard"],"fullName":"Ed25519DetailsCard renders basic Ed25519 verification instruction with single signature","status":"passed","title":"renders basic Ed25519 verification instruction with single signature","duration":24.39691710472107,"failureMessages":[],"meta":{}},{"ancestorTitles":["Ed25519DetailsCard"],"fullName":"Ed25519DetailsCard renders basic Ed25519 verification instruction with self-contained single signature","status":"passed","title":"renders basic Ed25519 verification instruction with self-contained single signature","duration":3.8326669931411743,"failureMessages":[],"meta":{}},{"ancestorTitles":["Ed25519DetailsCard"],"fullName":"Ed25519DetailsCard renders card even when Ed25519 instruction contains invalid references","status":"passed","title":"renders card even when Ed25519 instruction contains invalid references","duration":8.579625010490417,"failureMessages":[],"meta":{}}],"startTime":1761290353551,"endTime":1761290353587.5796,"status":"passed","message":"","name":"/Users/dzmitrypatseyuk/my/hoodieshq-explorer/app/components/instruction/ed25519/__tests__/Ed25519DetailsCard.test.tsx"},{"assertionResults":[{"ancestorTitles":["LighthouseDetailsCard","Assert Instructions"],"fullName":"LighthouseDetailsCard Assert Instructions renders Assert Sysvar Clock instruction","status":"passed","title":"renders Assert Sysvar Clock instruction","duration":35.73475003242493,"failureMessages":[],"meta":{}},{"ancestorTitles":["LighthouseDetailsCard","Assert Instructions"],"fullName":"LighthouseDetailsCard Assert Instructions renders Assert Account Info instruction","status":"passed","title":"renders Assert Account Info instruction","duration":5.807415962219238,"failureMessages":[],"meta":{}},{"ancestorTitles":["LighthouseDetailsCard","Assert Instructions"],"fullName":"LighthouseDetailsCard Assert Instructions renders Assert Token Account instruction","status":"passed","title":"renders Assert Token Account instruction","duration":4.342666983604431,"failureMessages":[],"meta":{}},{"ancestorTitles":["LighthouseDetailsCard","Assert Instructions"],"fullName":"LighthouseDetailsCard Assert Instructions renders Assert Bubblegum Tree Config instruction","status":"passed","title":"renders Assert Bubblegum Tree Config instruction","duration":4.206709027290344,"failureMessages":[],"meta":{}},{"ancestorTitles":["LighthouseDetailsCard","Assert Instructions"],"fullName":"LighthouseDetailsCard Assert Instructions renders Assert Upgradeable Loader Account instruction","status":"passed","title":"renders Assert Upgradeable Loader Account instruction","duration":4.699375033378601,"failureMessages":[],"meta":{}},{"ancestorTitles":["LighthouseDetailsCard","Assert Instructions"],"fullName":"LighthouseDetailsCard Assert Instructions Renders Assert Account Delta instruction","status":"passed","title":"Renders Assert Account Delta instruction","duration":7.334208011627197,"failureMessages":[],"meta":{}},{"ancestorTitles":["LighthouseDetailsCard","Assert Instructions"],"fullName":"LighthouseDetailsCard Assert Instructions Renders Memory Write instruction","status":"passed","title":"Renders Memory Write instruction","duration":7.687833070755005,"failureMessages":[],"meta":{}},{"ancestorTitles":["LighthouseDetailsCard","Assert Instructions"],"fullName":"LighthouseDetailsCard Assert Instructions Renders Memory Close instruction","status":"passed","title":"Renders Memory Close instruction","duration":3.157291054725647,"failureMessages":[],"meta":{}},{"ancestorTitles":["LighthouseDetailsCard","Assert Multi Instructions"],"fullName":"LighthouseDetailsCard Assert Multi Instructions renders AssertTokenAccountMulti instruction","status":"passed","title":"renders AssertTokenAccountMulti instruction","duration":7.231249928474426,"failureMessages":[],"meta":{}},{"ancestorTitles":["LighthouseDetailsCard","Assert Multi Instructions"],"fullName":"LighthouseDetailsCard Assert Multi Instructions renders Assert Account Info Multi instruction","status":"passed","title":"renders Assert Account Info Multi instruction","duration":5.102458953857422,"failureMessages":[],"meta":{}},{"ancestorTitles":["LighthouseDetailsCard","Assert Multi Instructions"],"fullName":"LighthouseDetailsCard Assert Multi Instructions renders Assert Stake Account Multi instruction","status":"passed","title":"renders Assert Stake Account Multi instruction","duration":13.027832984924316,"failureMessages":[],"meta":{}}],"startTime":1761290353821,"endTime":1761290353919.0278,"status":"passed","message":"","name":"/Users/dzmitrypatseyuk/my/hoodieshq-explorer/app/components/instruction/lighthouse/__tests__/LighthouseDetailsCard.test.tsx"},{"assertionResults":[],"startTime":1761290352386,"endTime":1761290352386,"status":"failed","message":"require() of ES Module /Users/dzmitrypatseyuk/my/hoodieshq-explorer/node_modules/.pnpm/chalk@5.3.0/node_modules/chalk/source/index.js from /Users/dzmitrypatseyuk/my/hoodieshq-explorer/node_modules/.pnpm/inquirer@8.2.5/node_modules/inquirer/lib/objects/separator.js not supported.\nInstead change the require of index.js in /Users/dzmitrypatseyuk/my/hoodieshq-explorer/node_modules/.pnpm/inquirer@8.2.5/node_modules/inquirer/lib/objects/separator.js to a dynamic import() which is available in all CommonJS modules.","name":"/Users/dzmitrypatseyuk/my/hoodieshq-explorer/app/components/instruction/system/__tests__/SystemDetailsCard.spec.tsx"},{"assertionResults":[{"ancestorTitles":["useFormatAnchorIdl"],"fullName":"useFormatAnchorIdl should return null when idl is undefined","status":"passed","title":"should return null when idl is undefined","duration":6.4282920360565186,"failureMessages":[],"meta":{}},{"ancestorTitles":["useFormatAnchorIdl"],"fullName":"useFormatAnchorIdl should format a minimal valid IDL correctly","status":"passed","title":"should format a minimal valid IDL correctly","duration":1.960541009902954,"failureMessages":[],"meta":{}},{"ancestorTitles":["useFormatAnchorIdl"],"fullName":"useFormatAnchorIdl should format instruction names using camelCase","status":"passed","title":"should format instruction names using camelCase","duration":1.1684589385986328,"failureMessages":[],"meta":{}},{"ancestorTitles":["useFormatAnchorIdl"],"fullName":"useFormatAnchorIdl should correctly format instruction accounts","status":"passed","title":"should correctly format instruction accounts","duration":1.292917013168335,"failureMessages":[],"meta":{}},{"ancestorTitles":["useFormatAnchorIdl"],"fullName":"useFormatAnchorIdl should correctly format nested instruction accounts","status":"passed","title":"should correctly format nested instruction accounts","duration":1.5013340711593628,"failureMessages":[],"meta":{}},{"ancestorTitles":["useFormatAnchorIdl"],"fullName":"useFormatAnchorIdl should correctly format instruction args","status":"passed","title":"should correctly format instruction args","duration":0.954584002494812,"failureMessages":[],"meta":{}},{"ancestorTitles":["useFormatAnchorIdl"],"fullName":"useFormatAnchorIdl should handle accounts section correctly","status":"passed","title":"should handle accounts section correctly","duration":1.0251249074935913,"failureMessages":[],"meta":{}},{"ancestorTitles":["useFormatAnchorIdl"],"fullName":"useFormatAnchorIdl should handle struct and unknown type fields correctly","status":"passed","title":"should handle struct and unknown type fields correctly","duration":0.7709579467773438,"failureMessages":[],"meta":{}},{"ancestorTitles":["useFormatAnchorIdl"],"fullName":"useFormatAnchorIdl should handle enum type variants correctly","status":"passed","title":"should handle enum type variants correctly","duration":0.8845000267028809,"failureMessages":[],"meta":{}},{"ancestorTitles":["useFormatAnchorIdl"],"fullName":"useFormatAnchorIdl should handle enum variants with fields correctly","status":"passed","title":"should handle enum variants with fields correctly","duration":0.6502499580383301,"failureMessages":[],"meta":{}},{"ancestorTitles":["useFormatAnchorIdl"],"fullName":"useFormatAnchorIdl should handle enum variants with tuple fields correctly","status":"passed","title":"should handle enum variants with tuple fields correctly","duration":0.6460000276565552,"failureMessages":[],"meta":{}},{"ancestorTitles":["useFormatAnchorIdl"],"fullName":"useFormatAnchorIdl should correctly parse complex data types","status":"passed","title":"should correctly parse complex data types","duration":0.8643749952316284,"failureMessages":[],"meta":{}},{"ancestorTitles":["useFormatAnchorIdl"],"fullName":"useFormatAnchorIdl should correctly extract PDAs from instruction accounts","status":"passed","title":"should correctly extract PDAs from instruction accounts","duration":1.127790927886963,"failureMessages":[],"meta":{}},{"ancestorTitles":["useFormatAnchorIdl"],"fullName":"useFormatAnchorIdl should deduplicate PDAs that appear in multiple instructions","status":"passed","title":"should deduplicate PDAs that appear in multiple instructions","duration":0.6160000562667847,"failureMessages":[],"meta":{}},{"ancestorTitles":["useFormatAnchorIdl"],"fullName":"useFormatAnchorIdl should handle errors section correctly","status":"passed","title":"should handle errors section correctly","duration":0.7227499485015869,"failureMessages":[],"meta":{}},{"ancestorTitles":["useFormatAnchorIdl"],"fullName":"useFormatAnchorIdl should handle constants section correctly","status":"passed","title":"should handle constants section correctly","duration":0.5964159965515137,"failureMessages":[],"meta":{}},{"ancestorTitles":["useFormatAnchorIdl"],"fullName":"useFormatAnchorIdl should handle events section correctly","status":"passed","title":"should handle events section correctly","duration":0.5994999408721924,"failureMessages":[],"meta":{}},{"ancestorTitles":["useFormatAnchorIdl"],"fullName":"useFormatAnchorIdl should filter out types that are used as accounts or events","status":"passed","title":"should filter out types that are used as accounts or events","duration":0.5463340282440186,"failureMessages":[],"meta":{}}],"startTime":1761290353416,"endTime":1761290353438.5996,"status":"passed","message":"","name":"/Users/dzmitrypatseyuk/my/hoodieshq-explorer/app/components/account/idl/formatted-idl/formatters/__tests__/useFormatAnchorIdl.spec.ts"},{"assertionResults":[{"ancestorTitles":["useFormatCodamaIdl"],"fullName":"useFormatCodamaIdl should return null when idl is undefined","status":"passed","title":"should return null when idl is undefined","duration":7.704708933830261,"failureMessages":[],"meta":{}},{"ancestorTitles":["useFormatCodamaIdl"],"fullName":"useFormatCodamaIdl should format a minimal valid IDL correctly","status":"passed","title":"should format a minimal valid IDL correctly","duration":1.7025829553604126,"failureMessages":[],"meta":{}},{"ancestorTitles":["useFormatCodamaIdl"],"fullName":"useFormatCodamaIdl should correctly format instruction accounts","status":"passed","title":"should correctly format instruction accounts","duration":1.5581669807434082,"failureMessages":[],"meta":{}},{"ancestorTitles":["useFormatCodamaIdl"],"fullName":"useFormatCodamaIdl should correctly format instruction args","status":"passed","title":"should correctly format instruction args","duration":0.9118750095367432,"failureMessages":[],"meta":{}},{"ancestorTitles":["useFormatCodamaIdl"],"fullName":"useFormatCodamaIdl should handle struct type fields correctly","status":"passed","title":"should handle struct type fields correctly","duration":1.0317089557647705,"failureMessages":[],"meta":{}},{"ancestorTitles":["useFormatCodamaIdl"],"fullName":"useFormatCodamaIdl should handle enum types correctly","status":"passed","title":"should handle enum types correctly","duration":0.9071249961853027,"failureMessages":[],"meta":{}},{"ancestorTitles":["useFormatCodamaIdl"],"fullName":"useFormatCodamaIdl should correctly extract PDAs","status":"passed","title":"should correctly extract PDAs","duration":0.9386670589447021,"failureMessages":[],"meta":{}},{"ancestorTitles":["useFormatCodamaIdl"],"fullName":"useFormatCodamaIdl should correctly parse complex data types","status":"passed","title":"should correctly parse complex data types","duration":0.9612919092178345,"failureMessages":[],"meta":{}},{"ancestorTitles":["useFormatCodamaIdl"],"fullName":"useFormatCodamaIdl should handle program errors correctly","status":"passed","title":"should handle program errors correctly","duration":0.9636249542236328,"failureMessages":[],"meta":{}},{"ancestorTitles":["useFormatCodamaIdl"],"fullName":"useFormatCodamaIdl should deduplicate PDAs that appear in multiple instructions","status":"passed","title":"should deduplicate PDAs that appear in multiple instructions","duration":0.6920410394668579,"failureMessages":[],"meta":{}},{"ancestorTitles":["useFormatCodamaIdl"],"fullName":"useFormatCodamaIdl should parse conditional PDA accounts","status":"passed","title":"should parse conditional PDA accounts","duration":0.6839579343795776,"failureMessages":[],"meta":{}},{"ancestorTitles":["useFormatCodamaIdl"],"fullName":"useFormatCodamaIdl should handle PDA links correctly","status":"passed","title":"should handle PDA links correctly","duration":0.6221249103546143,"failureMessages":[],"meta":{}},{"ancestorTitles":["useFormatCodamaIdl"],"fullName":"useFormatCodamaIdl should handle different seed types","status":"passed","title":"should handle different seed types","duration":0.8602079153060913,"failureMessages":[],"meta":{}}],"startTime":1761290353445,"endTime":1761290353464.86,"status":"passed","message":"","name":"/Users/dzmitrypatseyuk/my/hoodieshq-explorer/app/components/account/idl/formatted-idl/formatters/__tests__/useFormatCodamaIdl.spec.ts"}]}